<?xml version="1.0" encoding="UTF-8"?>
<testng-results skipped="0" failed="0" ignored="0" total="1" passed="1">
  <reporter-output>
  </reporter-output>
  <suite name="Default suite" duration-ms="10870" started-at="2019-08-15T09:59:26Z" finished-at="2019-08-15T09:59:36Z">
    <groups>
    </groups>
    <test name="Default test" duration-ms="10870" started-at="2019-08-15T09:59:26Z" finished-at="2019-08-15T09:59:36Z">
      <class name="com.practise.examples.LaunchBrowser">
        <test-method status="PASS" signature="launch()[pri:0, instance:com.practise.examples.LaunchBrowser@148080bb]" name="launch" duration-ms="10810" started-at="2019-08-15T09:59:26Z" finished-at="2019-08-15T09:59:36Z">
          <reporter-output>
          </reporter-output>
        </test-method> <!-- launch -->
      </class> <!-- com.practise.examples.LaunchBrowser -->
    </test> <!-- Default test -->
  </suite> <!-- Default suite -->
</testng-results>
